# JRE version: OpenJDK Runtime Environment Temurin-21.0.6+7 (21.0.6+7) (build 21.0.6+7-LTS)
# Java VM: OpenJDK 64-Bit Server VM Temurin-21.0.6+7 (21.0.6+7-LTS, mixed mode, emulated-client, sharing, tiered, compressed oops, compressed class ptrs, g1 gc, bsd-aarch64)
Heap:
 garbage-first heap   total 71680K, used 53535K [0x0000000780000000, 0x0000000800000000)
  region size 1024K, 27 young (27648K), 3 survivors (3072K)
 Metaspace       used 69852K, committed 70592K, reserved 1114112K
  class space    used 9866K, committed 10240K, reserved 1048576K
GC Heap History (20 events):
Event: 0.359 GC heap before
{Heap before GC invocations=1 (full 0):
 garbage-first heap   total 133120K, used 41645K [0x0000000780000000, 0x0000000800000000)
  region size 1024K, 37 young (37888K), 3 survivors (3072K)
 Metaspace       used 13324K, committed 13632K, reserved 1114112K
  class space    used 1787K, committed 1920K, reserved 1048576K
}
Event: 0.361 GC heap after
{Heap after GC invocations=2 (full 0):
 garbage-first heap   total 133120K, used 10803K [0x0000000780000000, 0x0000000800000000)
  region size 1024K, 3 young (3072K), 3 survivors (3072K)
 Metaspace       used 13324K, committed 13632K, reserved 1114112K
  class space    used 1787K, committed 1920K, reserved 1048576K
}
Event: 0.666 GC heap before
{Heap before GC invocations=2 (full 0):
 garbage-first heap   total 133120K, used 69171K [0x0000000780000000, 0x0000000800000000)
  region size 1024K, 61 young (62464K), 3 survivors (3072K)
 Metaspace       used 21114K, committed 21504K, reserved 1114112K
  class space    used 2889K, committed 3072K, reserved 1048576K
}
Event: 0.668 GC heap after
{Heap after GC invocations=3 (full 0):
 garbage-first heap   total 133120K, used 15417K [0x0000000780000000, 0x0000000800000000)
  region size 1024K, 8 young (8192K), 8 survivors (8192K)
 Metaspace       used 21114K, committed 21504K, reserved 1114112K
  class space    used 2889K, committed 3072K, reserved 1048576K
}
Event: 0.940 GC heap before
{Heap before GC invocations=4 (full 0):
 garbage-first heap   total 58368K, used 56377K [0x0000000780000000, 0x0000000800000000)
  region size 1024K, 48 young (49152K), 8 survivors (8192K)
 Metaspace       used 27790K, committed 28352K, reserved 1114112K
  class space    used 3853K, committed 4096K, reserved 1048576K
}
Event: 0.945 GC heap after
{Heap after GC invocations=5 (full 0):
 garbage-first heap   total 70656K, used 19603K [0x0000000780000000, 0x0000000800000000)
  region size 1024K, 9 young (9216K), 9 survivors (9216K)
 Metaspace       used 27790K, committed 28352K, reserved 1114112K
  class space    used 3853K, committed 4096K, reserved 1048576K
}
Event: 1.247 GC heap before
{Heap before GC invocations=5 (full 0):
 garbage-first heap   total 70656K, used 47251K [0x0000000780000000, 0x0000000800000000)
  region size 1024K, 37 young (37888K), 9 survivors (9216K)
 Metaspace       used 35568K, committed 36096K, reserved 1114112K
  class space    used 4790K, committed 5056K, reserved 1048576K
}
Event: 1.255 GC heap after
{Heap after GC invocations=6 (full 0):
 garbage-first heap   total 70656K, used 21465K [0x0000000780000000, 0x0000000800000000)
  region size 1024K, 3 young (3072K), 3 survivors (3072K)
 Metaspace       used 35568K, committed 36096K, reserved 1114112K
  class space    used 4790K, committed 5056K, reserved 1048576K
}
Event: 1.282 GC heap before
{Heap before GC invocations=6 (full 0):
 garbage-first heap   total 70656K, used 23513K [0x0000000780000000, 0x0000000800000000)
  region size 1024K, 6 young (6144K), 3 survivors (3072K)
 Metaspace       used 35919K, committed 36416K, reserved 1114112K
  class space    used 4849K, committed 5056K, reserved 1048576K
}
Event: 1.283 GC heap after
{Heap after GC invocations=7 (full 0):
 garbage-first heap   total 84992K, used 20879K [0x0000000780000000, 0x0000000800000000)
  region size 1024K, 2 young (2048K), 2 survivors (2048K)
 Metaspace       used 35919K, committed 36416K, reserved 1114112K
  class space    used 4849K, committed 5056K, reserved 1048576K
}
Event: 1.520 GC heap before
{Heap before GC invocations=8 (full 0):
 garbage-first heap   total 71680K, used 61839K [0x0000000780000000, 0x0000000800000000)
  region size 1024K, 42 young (43008K), 2 survivors (2048K)
 Metaspace       used 44339K, committed 44928K, reserved 1114112K
  class space    used 6112K, committed 6336K, reserved 1048576K
}
Event: 1.522 GC heap after
{Heap after GC invocations=9 (full 0):
 garbage-first heap   total 71680K, used 22518K [0x0000000780000000, 0x0000000800000000)
  region size 1024K, 4 young (4096K), 4 survivors (4096K)
 Metaspace       used 44339K, committed 44928K, reserved 1114112K
  class space    used 6112K, committed 6336K, reserved 1048576K
}
Event: 1.805 GC heap before
{Heap before GC invocations=9 (full 0):
 garbage-first heap   total 71680K, used 60406K [0x0000000780000000, 0x0000000800000000)
  region size 1024K, 42 young (43008K), 4 survivors (4096K)
 Metaspace       used 54119K, committed 54720K, reserved 1114112K
  class space    used 7643K, committed 7872K, reserved 1048576K
}
Event: 1.807 GC heap after
{Heap after GC invocations=10 (full 0):
 garbage-first heap   total 71680K, used 23574K [0x0000000780000000, 0x0000000800000000)
  region size 1024K, 4 young (4096K), 4 survivors (4096K)
 Metaspace       used 54119K, committed 54720K, reserved 1114112K
  class space    used 7643K, committed 7872K, reserved 1048576K
}
Event: 2.060 GC heap before
{Heap before GC invocations=10 (full 0):
 garbage-first heap   total 71680K, used 61462K [0x0000000780000000, 0x0000000800000000)
  region size 1024K, 41 young (41984K), 4 survivors (4096K)
 Metaspace       used 60404K, committed 61120K, reserved 1114112K
  class space    used 8498K, committed 8832K, reserved 1048576K
}
Event: 2.063 GC heap after
{Heap after GC invocations=11 (full 0):
 garbage-first heap   total 71680K, used 26862K [0x0000000780000000, 0x0000000800000000)
  region size 1024K, 6 young (6144K), 6 survivors (6144K)
 Metaspace       used 60404K, committed 61120K, reserved 1114112K
  class space    used 8498K, committed 8832K, reserved 1048576K
}
Event: 2.072 GC heap before
{Heap before GC invocations=11 (full 0):
 garbage-first heap   total 71680K, used 26862K [0x0000000780000000, 0x0000000800000000)
  region size 1024K, 7 young (7168K), 6 survivors (6144K)
 Metaspace       used 60577K, committed 61248K, reserved 1114112K
  class space    used 8523K, committed 8832K, reserved 1048576K
}
Event: 2.074 GC heap after
{Heap after GC invocations=12 (full 0):
 garbage-first heap   total 71680K, used 28026K [0x0000000780000000, 0x0000000800000000)
  region size 1024K, 1 young (1024K), 1 survivors (1024K)
 Metaspace       used 60577K, committed 61248K, reserved 1114112K
  class space    used 8523K, committed 8832K, reserved 1048576K
}
Event: 8.999 GC heap before
{Heap before GC invocations=13 (full 0):
 garbage-first heap   total 71680K, used 61818K [0x0000000780000000, 0x0000000800000000)
  region size 1024K, 35 young (35840K), 1 survivors (1024K)
 Metaspace       used 67197K, committed 67968K, reserved 1114112K
  class space    used 9523K, committed 9856K, reserved 1048576K
}
Event: 9.003 GC heap after
{Heap after GC invocations=14 (full 0):
 garbage-first heap   total 71680K, used 29764K [0x0000000780000000, 0x0000000800000000)
  region size 1024K, 3 young (3072K), 3 survivors (3072K)
 Metaspace       used 67197K, committed 67968K, reserved 1114112K
  class space    used 9523K, committed 9856K, reserved 1048576K
}

