# JRE version: OpenJDK Runtime Environment Temurin-21.0.6+7 (21.0.6+7) (build 21.0.6+7-LTS)
# Java VM: OpenJDK 64-Bit Server VM Temurin-21.0.6+7 (21.0.6+7-LTS, mixed mode, emulated-client, sharing, tiered, compressed oops, compressed class ptrs, g1 gc, bsd-aarch64)
Heap:
 garbage-first heap   total 73728K, used 54158K [0x0000000780000000, 0x0000000800000000)
  region size 1024K, 28 young (28672K), 5 survivors (5120K)
 Metaspace       used 70762K, committed 71552K, reserved 1114112K
  class space    used 9969K, committed 10368K, reserved 1048576K
GC Heap History (20 events):
Event: 25602.050 GC heap before
{Heap before GC invocations=28 (full 0):
 garbage-first heap   total 71680K, used 63339K [0x0000000780000000, 0x0000000800000000)
  region size 1024K, 37 young (37888K), 3 survivors (3072K)
 Metaspace       used 69954K, committed 70976K, reserved 1114112K
  class space    used 9848K, committed 10240K, reserved 1048576K
}
Event: 25602.094 GC heap after
{Heap after GC invocations=29 (full 0):
 garbage-first heap   total 71680K, used 28634K [0x0000000780000000, 0x0000000800000000)
  region size 1024K, 3 young (3072K), 3 survivors (3072K)
 Metaspace       used 69954K, committed 70976K, reserved 1114112K
  class space    used 9848K, committed 10240K, reserved 1048576K
}
Event: 27917.781 GC heap before
{Heap before GC invocations=30 (full 0):
 garbage-first heap   total 71680K, used 63450K [0x0000000780000000, 0x0000000800000000)
  region size 1024K, 37 young (37888K), 3 survivors (3072K)
 Metaspace       used 69954K, committed 70976K, reserved 1114112K
  class space    used 9848K, committed 10240K, reserved 1048576K
}
Event: 27917.823 GC heap after
{Heap after GC invocations=31 (full 0):
 garbage-first heap   total 71680K, used 28746K [0x0000000780000000, 0x0000000800000000)
  region size 1024K, 3 young (3072K), 3 survivors (3072K)
 Metaspace       used 69954K, committed 70976K, reserved 1114112K
  class space    used 9848K, committed 10240K, reserved 1048576K
}
Event: 30231.079 GC heap before
{Heap before GC invocations=31 (full 0):
 garbage-first heap   total 71680K, used 63562K [0x0000000780000000, 0x0000000800000000)
  region size 1024K, 37 young (37888K), 3 survivors (3072K)
 Metaspace       used 69954K, committed 70976K, reserved 1114112K
  class space    used 9848K, committed 10240K, reserved 1048576K
}
Event: 30231.111 GC heap after
{Heap after GC invocations=32 (full 0):
 garbage-first heap   total 71680K, used 28287K [0x0000000780000000, 0x0000000800000000)
  region size 1024K, 3 young (3072K), 3 survivors (3072K)
 Metaspace       used 69954K, committed 70976K, reserved 1114112K
  class space    used 9848K, committed 10240K, reserved 1048576K
}
Event: 32618.040 GC heap before
{Heap before GC invocations=32 (full 0):
 garbage-first heap   total 71680K, used 64127K [0x0000000780000000, 0x0000000800000000)
  region size 1024K, 38 young (38912K), 3 survivors (3072K)
 Metaspace       used 69954K, committed 70976K, reserved 1114112K
  class space    used 9848K, committed 10240K, reserved 1048576K
}
Event: 32618.074 GC heap after
{Heap after GC invocations=33 (full 0):
 garbage-first heap   total 71680K, used 28230K [0x0000000780000000, 0x0000000800000000)
  region size 1024K, 3 young (3072K), 3 survivors (3072K)
 Metaspace       used 69954K, committed 70976K, reserved 1114112K
  class space    used 9848K, committed 10240K, reserved 1048576K
}
Event: 35003.892 GC heap before
{Heap before GC invocations=34 (full 0):
 garbage-first heap   total 71680K, used 64070K [0x0000000780000000, 0x0000000800000000)
  region size 1024K, 38 young (38912K), 3 survivors (3072K)
 Metaspace       used 69954K, committed 70976K, reserved 1114112K
  class space    used 9848K, committed 10240K, reserved 1048576K
}
Event: 35003.936 GC heap after
{Heap after GC invocations=35 (full 0):
 garbage-first heap   total 71680K, used 28353K [0x0000000780000000, 0x0000000800000000)
  region size 1024K, 1 young (1024K), 1 survivors (1024K)
 Metaspace       used 69954K, committed 70976K, reserved 1114112K
  class space    used 9848K, committed 10240K, reserved 1048576K
}
Event: 37451.228 GC heap before
{Heap before GC invocations=35 (full 0):
 garbage-first heap   total 71680K, used 65217K [0x0000000780000000, 0x0000000800000000)
  region size 1024K, 37 young (37888K), 1 survivors (1024K)
 Metaspace       used 69954K, committed 70976K, reserved 1114112K
  class space    used 9848K, committed 10240K, reserved 1048576K
}
Event: 37451.278 GC heap after
{Heap after GC invocations=36 (full 0):
 garbage-first heap   total 71680K, used 27481K [0x0000000780000000, 0x0000000800000000)
  region size 1024K, 1 young (1024K), 1 survivors (1024K)
 Metaspace       used 69954K, committed 70976K, reserved 1114112K
  class space    used 9848K, committed 10240K, reserved 1048576K
}
Event: 37515.918 GC heap before
{Heap before GC invocations=36 (full 0):
 garbage-first heap   total 71680K, used 31577K [0x0000000780000000, 0x0000000800000000)
  region size 1024K, 6 young (6144K), 1 survivors (1024K)
 Metaspace       used 70163K, committed 71040K, reserved 1114112K
  class space    used 9897K, committed 10240K, reserved 1048576K
}
Event: 37516.318 GC heap after
{Heap after GC invocations=37 (full 1):
 garbage-first heap   total 71680K, used 23672K [0x0000000780000000, 0x0000000800000000)
  region size 1024K, 0 young (0K), 0 survivors (0K)
 Metaspace       used 70157K, committed 71040K, reserved 1114112K
  class space    used 9896K, committed 10240K, reserved 1048576K
}
Event: 37517.219 GC heap before
{Heap before GC invocations=37 (full 1):
 garbage-first heap   total 71680K, used 63608K [0x0000000780000000, 0x0000000800000000)
  region size 1024K, 40 young (40960K), 0 survivors (0K)
 Metaspace       used 70330K, committed 71040K, reserved 1114112K
  class space    used 9937K, committed 10240K, reserved 1048576K
}
Event: 37517.228 GC heap after
{Heap after GC invocations=38 (full 1):
 garbage-first heap   total 73728K, used 29386K [0x0000000780000000, 0x0000000800000000)
  region size 1024K, 5 young (5120K), 5 survivors (5120K)
 Metaspace       used 70330K, committed 71040K, reserved 1114112K
  class space    used 9937K, committed 10240K, reserved 1048576K
}
Event: 37550.203 GC heap before
{Heap before GC invocations=39 (full 1):
 garbage-first heap   total 73728K, used 58058K [0x0000000780000000, 0x0000000800000000)
  region size 1024K, 34 young (34816K), 5 survivors (5120K)
 Metaspace       used 70572K, committed 71232K, reserved 1114112K
  class space    used 9960K, committed 10240K, reserved 1048576K
}
Event: 37550.263 GC heap after
{Heap after GC invocations=40 (full 2):
 garbage-first heap   total 73728K, used 26793K [0x0000000780000000, 0x0000000800000000)
  region size 1024K, 0 young (0K), 0 survivors (0K)
 Metaspace       used 70511K, committed 71232K, reserved 1114112K
  class space    used 9945K, committed 10240K, reserved 1048576K
}
Event: 37550.524 GC heap before
{Heap before GC invocations=40 (full 2):
 garbage-first heap   total 73728K, used 63657K [0x0000000780000000, 0x0000000800000000)
  region size 1024K, 37 young (37888K), 0 survivors (0K)
 Metaspace       used 70553K, committed 71296K, reserved 1114112K
  class space    used 9953K, committed 10304K, reserved 1048576K
}
Event: 37550.527 GC heap after
{Heap after GC invocations=41 (full 2):
 garbage-first heap   total 73728K, used 31343K [0x0000000780000000, 0x0000000800000000)
  region size 1024K, 5 young (5120K), 5 survivors (5120K)
 Metaspace       used 70553K, committed 71296K, reserved 1114112K
  class space    used 9953K, committed 10304K, reserved 1048576K
}

