# JRE version: OpenJDK Runtime Environment Zulu17.60+17-CA (17.0.16+8) (build 17.0.16+8-LTS)
# Java VM: OpenJDK 64-Bit Server VM Zulu17.60+17-CA (17.0.16+8-LTS, mixed mode, sharing, tiered, compressed oops, compressed class ptrs, g1 gc, bsd-aarch64)
Heap:
 garbage-first heap   total 91136K, used 50908K [0x0000000780000000, 0x0000000800000000)
  region size 1024K, 16 young (16384K), 5 survivors (5120K)
 Metaspace       used 75756K, committed 76416K, reserved 1179648K
  class space    used 10313K, committed 10624K, reserved 1048576K
GC Heap History (20 events):
Event: 2.220 GC heap before
{Heap before GC invocations=14 (full 0):
 garbage-first heap   total 75776K, used 58216K [0x0000000780000000, 0x0000000800000000)
  region size 1024K, 37 young (37888K), 4 survivors (4096K)
 Metaspace       used 65135K, committed 65664K, reserved 1114112K
  class space    used 9038K, committed 9280K, reserved 1048576K
}
Event: 2.222 GC heap after
{Heap after GC invocations=15 (full 0):
 garbage-first heap   total 75776K, used 27433K [0x0000000780000000, 0x0000000800000000)
  region size 1024K, 5 young (5120K), 5 survivors (5120K)
 Metaspace       used 65135K, committed 65664K, reserved 1114112K
  class space    used 9038K, committed 9280K, reserved 1048576K
}
Event: 12.356 GC heap before
{Heap before GC invocations=15 (full 0):
 garbage-first heap   total 75776K, used 57129K [0x0000000780000000, 0x0000000800000000)
  region size 1024K, 35 young (35840K), 5 survivors (5120K)
 Metaspace       used 72690K, committed 73280K, reserved 1114112K
  class space    used 10087K, committed 10368K, reserved 1048576K
}
Event: 12.366 GC heap after
{Heap after GC invocations=16 (full 0):
 garbage-first heap   total 75776K, used 30365K [0x0000000780000000, 0x0000000800000000)
  region size 1024K, 3 young (3072K), 3 survivors (3072K)
 Metaspace       used 72690K, committed 73280K, reserved 1114112K
  class space    used 10087K, committed 10368K, reserved 1048576K
}
Event: 481.697 GC heap before
{Heap before GC invocations=16 (full 0):
 garbage-first heap   total 75776K, used 44701K [0x0000000780000000, 0x0000000800000000)
  region size 1024K, 18 young (18432K), 3 survivors (3072K)
 Metaspace       used 74049K, committed 74624K, reserved 1114112K
  class space    used 10221K, committed 10496K, reserved 1048576K
}
Event: 481.779 GC heap after
{Heap after GC invocations=17 (full 1):
 garbage-first heap   total 75776K, used 26878K [0x0000000780000000, 0x0000000800000000)
  region size 1024K, 0 young (0K), 0 survivors (0K)
 Metaspace       used 74049K, committed 74624K, reserved 1114112K
  class space    used 10221K, committed 10496K, reserved 1048576K
}
Event: 482.106 GC heap before
{Heap before GC invocations=17 (full 1):
 garbage-first heap   total 75776K, used 54526K [0x0000000780000000, 0x0000000800000000)
  region size 1024K, 28 young (28672K), 0 survivors (0K)
 Metaspace       used 74270K, committed 74880K, reserved 1114112K
  class space    used 10233K, committed 10496K, reserved 1048576K
}
Event: 482.109 GC heap after
{Heap after GC invocations=18 (full 1):
 garbage-first heap   total 75776K, used 29834K [0x0000000780000000, 0x0000000800000000)
  region size 1024K, 3 young (3072K), 3 survivors (3072K)
 Metaspace       used 74270K, committed 74880K, reserved 1114112K
  class space    used 10233K, committed 10496K, reserved 1048576K
}
Event: 483.660 GC heap before
{Heap before GC invocations=18 (full 1):
 garbage-first heap   total 75776K, used 55434K [0x0000000780000000, 0x0000000800000000)
  region size 1024K, 28 young (28672K), 3 survivors (3072K)
 Metaspace       used 74709K, committed 75328K, reserved 1114112K
  class space    used 10280K, committed 10560K, reserved 1048576K
}
Event: 483.666 GC heap after
{Heap after GC invocations=19 (full 1):
 garbage-first heap   total 75776K, used 31872K [0x0000000780000000, 0x0000000800000000)
  region size 1024K, 3 young (3072K), 3 survivors (3072K)
 Metaspace       used 74709K, committed 75328K, reserved 1114112K
  class space    used 10280K, committed 10560K, reserved 1048576K
}
Event: 490.220 GC heap before
{Heap before GC invocations=19 (full 1):
 garbage-first heap   total 75776K, used 53376K [0x0000000780000000, 0x0000000800000000)
  region size 1024K, 25 young (25600K), 3 survivors (3072K)
 Metaspace       used 74940K, committed 75584K, reserved 1179648K
  class space    used 10284K, committed 10560K, reserved 1048576K
}
Event: 490.233 GC heap after
{Heap after GC invocations=20 (full 1):
 garbage-first heap   total 75776K, used 32281K [0x0000000780000000, 0x0000000800000000)
  region size 1024K, 2 young (2048K), 2 survivors (2048K)
 Metaspace       used 74940K, committed 75584K, reserved 1179648K
  class space    used 10284K, committed 10560K, reserved 1048576K
}
Event: 490.352 GC heap before
{Heap before GC invocations=21 (full 1):
 garbage-first heap   total 75776K, used 55833K [0x0000000780000000, 0x0000000800000000)
  region size 1024K, 25 young (25600K), 2 survivors (2048K)
 Metaspace       used 75021K, committed 75648K, reserved 1179648K
  class space    used 10284K, committed 10560K, reserved 1048576K
}
Event: 490.353 GC heap after
{Heap after GC invocations=22 (full 1):
 garbage-first heap   total 75776K, used 34482K [0x0000000780000000, 0x0000000800000000)
  region size 1024K, 4 young (4096K), 4 survivors (4096K)
 Metaspace       used 75021K, committed 75648K, reserved 1179648K
  class space    used 10284K, committed 10560K, reserved 1048576K
}
Event: 490.358 GC heap before
{Heap before GC invocations=22 (full 1):
 garbage-first heap   total 75776K, used 35506K [0x0000000780000000, 0x0000000800000000)
  region size 1024K, 5 young (5120K), 4 survivors (4096K)
 Metaspace       used 75028K, committed 75648K, reserved 1179648K
  class space    used 10284K, committed 10560K, reserved 1048576K
}
Event: 490.361 GC heap after
{Heap after GC invocations=23 (full 1):
 garbage-first heap   total 91136K, used 34928K [0x0000000780000000, 0x0000000800000000)
  region size 1024K, 1 young (1024K), 1 survivors (1024K)
 Metaspace       used 75028K, committed 75648K, reserved 1179648K
  class space    used 10284K, committed 10560K, reserved 1048576K
}
Event: 501.058 GC heap before
{Heap before GC invocations=23 (full 1):
 garbage-first heap   total 91136K, used 65648K [0x0000000780000000, 0x0000000800000000)
  region size 1024K, 32 young (32768K), 1 survivors (1024K)
 Metaspace       used 75189K, committed 75904K, reserved 1179648K
  class space    used 10290K, committed 10624K, reserved 1048576K
}
Event: 501.062 GC heap after
{Heap after GC invocations=24 (full 1):
 garbage-first heap   total 91136K, used 36776K [0x0000000780000000, 0x0000000800000000)
  region size 1024K, 3 young (3072K), 3 survivors (3072K)
 Metaspace       used 75189K, committed 75904K, reserved 1179648K
  class space    used 10290K, committed 10624K, reserved 1048576K
}
Event: 501.355 GC heap before
{Heap before GC invocations=24 (full 1):
 garbage-first heap   total 91136K, used 67496K [0x0000000780000000, 0x0000000800000000)
  region size 1024K, 33 young (33792K), 3 survivors (3072K)
 Metaspace       used 75656K, committed 76288K, reserved 1179648K
  class space    used 10309K, committed 10624K, reserved 1048576K
}
Event: 501.358 GC heap after
{Heap after GC invocations=25 (full 1):
 garbage-first heap   total 91136K, used 39855K [0x0000000780000000, 0x0000000800000000)
  region size 1024K, 5 young (5120K), 5 survivors (5120K)
 Metaspace       used 75656K, committed 76288K, reserved 1179648K
  class space    used 10309K, committed 10624K, reserved 1048576K
}

