# JRE version: OpenJDK Runtime Environment Temurin-21.0.6+7 (21.0.6+7) (build 21.0.6+7-LTS)
# Java VM: OpenJDK 64-Bit Server VM Temurin-21.0.6+7 (21.0.6+7-LTS, mixed mode, emulated-client, sharing, tiered, compressed oops, compressed class ptrs, g1 gc, bsd-aarch64)
Heap:
 garbage-first heap   total 71680K, used 54932K [0x0000000780000000, 0x0000000800000000)
  region size 1024K, 30 young (30720K), 4 survivors (4096K)
 Metaspace       used 70619K, committed 71360K, reserved 1114112K
  class space    used 9926K, committed 10304K, reserved 1048576K
GC Heap History (20 events):
Event: 1.275 GC heap before
{Heap before GC invocations=6 (full 0):
 garbage-first heap   total 70656K, used 22387K [0x0000000780000000, 0x0000000800000000)
  region size 1024K, 5 young (5120K), 3 survivors (3072K)
 Metaspace       used 35900K, committed 36416K, reserved 1114112K
  class space    used 4844K, committed 5056K, reserved 1048576K
}
Event: 1.276 GC heap after
{Heap after GC invocations=7 (full 0):
 garbage-first heap   total 84992K, used 20927K [0x0000000780000000, 0x0000000800000000)
  region size 1024K, 2 young (2048K), 2 survivors (2048K)
 Metaspace       used 35900K, committed 36416K, reserved 1114112K
  class space    used 4844K, committed 5056K, reserved 1048576K
}
Event: 1.512 GC heap before
{Heap before GC invocations=8 (full 0):
 garbage-first heap   total 71680K, used 61887K [0x0000000780000000, 0x0000000800000000)
  region size 1024K, 42 young (43008K), 2 survivors (2048K)
 Metaspace       used 44326K, committed 44864K, reserved 1114112K
  class space    used 6109K, committed 6336K, reserved 1048576K
}
Event: 1.514 GC heap after
{Heap after GC invocations=9 (full 0):
 garbage-first heap   total 71680K, used 22686K [0x0000000780000000, 0x0000000800000000)
  region size 1024K, 4 young (4096K), 4 survivors (4096K)
 Metaspace       used 44326K, committed 44864K, reserved 1114112K
  class space    used 6109K, committed 6336K, reserved 1048576K
}
Event: 1.774 GC heap before
{Heap before GC invocations=9 (full 0):
 garbage-first heap   total 71680K, used 61598K [0x0000000780000000, 0x0000000800000000)
  region size 1024K, 42 young (43008K), 4 survivors (4096K)
 Metaspace       used 54149K, committed 54848K, reserved 1114112K
  class space    used 7644K, committed 7936K, reserved 1048576K
}
Event: 1.775 GC heap after
{Heap after GC invocations=10 (full 0):
 garbage-first heap   total 71680K, used 23730K [0x0000000780000000, 0x0000000800000000)
  region size 1024K, 4 young (4096K), 4 survivors (4096K)
 Metaspace       used 54149K, committed 54848K, reserved 1114112K
  class space    used 7644K, committed 7936K, reserved 1048576K
}
Event: 2.018 GC heap before
{Heap before GC invocations=10 (full 0):
 garbage-first heap   total 71680K, used 61618K [0x0000000780000000, 0x0000000800000000)
  region size 1024K, 41 young (41984K), 4 survivors (4096K)
 Metaspace       used 60429K, committed 61120K, reserved 1114112K
  class space    used 8499K, committed 8768K, reserved 1048576K
}
Event: 2.021 GC heap after
{Heap after GC invocations=11 (full 0):
 garbage-first heap   total 71680K, used 27493K [0x0000000780000000, 0x0000000800000000)
  region size 1024K, 6 young (6144K), 6 survivors (6144K)
 Metaspace       used 60429K, committed 61120K, reserved 1114112K
  class space    used 8499K, committed 8768K, reserved 1048576K
}
Event: 2.022 GC heap before
{Heap before GC invocations=11 (full 0):
 garbage-first heap   total 71680K, used 27493K [0x0000000780000000, 0x0000000800000000)
  region size 1024K, 7 young (7168K), 6 survivors (6144K)
 Metaspace       used 60446K, committed 61120K, reserved 1114112K
  class space    used 8501K, committed 8768K, reserved 1048576K
}
Event: 2.024 GC heap after
{Heap after GC invocations=12 (full 0):
 garbage-first heap   total 71680K, used 28238K [0x0000000780000000, 0x0000000800000000)
  region size 1024K, 1 young (1024K), 1 survivors (1024K)
 Metaspace       used 60446K, committed 61120K, reserved 1114112K
  class space    used 8501K, committed 8768K, reserved 1048576K
}
Event: 77.327 GC heap before
{Heap before GC invocations=13 (full 0):
 garbage-first heap   total 71680K, used 63054K [0x0000000780000000, 0x0000000800000000)
  region size 1024K, 36 young (36864K), 1 survivors (1024K)
 Metaspace       used 66975K, committed 67648K, reserved 1114112K
  class space    used 9487K, committed 9792K, reserved 1048576K
}
Event: 77.335 GC heap after
{Heap after GC invocations=14 (full 0):
 garbage-first heap   total 71680K, used 30241K [0x0000000780000000, 0x0000000800000000)
  region size 1024K, 3 young (3072K), 3 survivors (3072K)
 Metaspace       used 66975K, committed 67648K, reserved 1114112K
  class space    used 9487K, committed 9792K, reserved 1048576K
}
Event: 349.635 GC heap before
{Heap before GC invocations=14 (full 0):
 garbage-first heap   total 71680K, used 52769K [0x0000000780000000, 0x0000000800000000)
  region size 1024K, 26 young (26624K), 3 survivors (3072K)
 Metaspace       used 70316K, committed 71104K, reserved 1114112K
  class space    used 9934K, committed 10304K, reserved 1048576K
}
Event: 349.707 GC heap after
{Heap after GC invocations=15 (full 1):
 garbage-first heap   total 71680K, used 23838K [0x0000000780000000, 0x0000000800000000)
  region size 1024K, 0 young (0K), 0 survivors (0K)
 Metaspace       used 70036K, committed 71104K, reserved 1114112K
  class space    used 9859K, committed 10304K, reserved 1048576K
}
Event: 349.899 GC heap before
{Heap before GC invocations=15 (full 1):
 garbage-first heap   total 71680K, used 60702K [0x0000000780000000, 0x0000000800000000)
  region size 1024K, 37 young (37888K), 0 survivors (0K)
 Metaspace       used 70203K, committed 71104K, reserved 1114112K
  class space    used 9899K, committed 10304K, reserved 1048576K
}
Event: 349.901 GC heap after
{Heap after GC invocations=16 (full 1):
 garbage-first heap   total 71680K, used 28982K [0x0000000780000000, 0x0000000800000000)
  region size 1024K, 5 young (5120K), 5 survivors (5120K)
 Metaspace       used 70203K, committed 71104K, reserved 1114112K
  class space    used 9899K, committed 10304K, reserved 1048576K
}
Event: 440.776 GC heap before
{Heap before GC invocations=16 (full 1):
 garbage-first heap   total 71680K, used 56630K [0x0000000780000000, 0x0000000800000000)
  region size 1024K, 34 young (34816K), 5 survivors (5120K)
 Metaspace       used 70483K, committed 71232K, reserved 1114112K
  class space    used 9933K, committed 10304K, reserved 1048576K
}
Event: 440.825 GC heap after
{Heap after GC invocations=17 (full 2):
 garbage-first heap   total 71680K, used 25016K [0x0000000780000000, 0x0000000800000000)
  region size 1024K, 0 young (0K), 0 survivors (0K)
 Metaspace       used 70363K, committed 71232K, reserved 1114112K
  class space    used 9901K, committed 10304K, reserved 1048576K
}
Event: 440.978 GC heap before
{Heap before GC invocations=17 (full 2):
 garbage-first heap   total 71680K, used 58808K [0x0000000780000000, 0x0000000800000000)
  region size 1024K, 34 young (34816K), 0 survivors (0K)
 Metaspace       used 70405K, committed 71232K, reserved 1114112K
  class space    used 9909K, committed 10304K, reserved 1048576K
}
Event: 440.985 GC heap after
{Heap after GC invocations=18 (full 2):
 garbage-first heap   total 71680K, used 28922K [0x0000000780000000, 0x0000000800000000)
  region size 1024K, 4 young (4096K), 4 survivors (4096K)
 Metaspace       used 70405K, committed 71232K, reserved 1114112K
  class space    used 9909K, committed 10304K, reserved 1048576K
}

