# JRE version: OpenJDK Runtime Environment Temurin-21.0.6+7 (21.0.6+7) (build 21.0.6+7-LTS)
# Java VM: OpenJDK 64-Bit Server VM Temurin-21.0.6+7 (21.0.6+7-LTS, mixed mode, emulated-client, sharing, tiered, compressed oops, compressed class ptrs, g1 gc, bsd-aarch64)
Heap:
 garbage-first heap   total 73728K, used 45619K [0x0000000780000000, 0x0000000800000000)
  region size 1024K, 17 young (17408K), 4 survivors (4096K)
 Metaspace       used 72137K, committed 72896K, reserved 1114112K
  class space    used 10138K, committed 10496K, reserved 1048576K
GC Heap History (20 events):
Event: 4405.714 GC heap before
{Heap before GC invocations=22 (full 2):
 garbage-first heap   total 73728K, used 39100K [0x0000000780000000, 0x0000000800000000)
  region size 1024K, 12 young (12288K), 4 survivors (4096K)
 Metaspace       used 71114K, committed 71872K, reserved 1114112K
  class space    used 10026K, committed 10368K, reserved 1048576K
}
Event: 4405.860 GC heap after
{Heap after GC invocations=23 (full 3):
 garbage-first heap   total 73728K, used 24124K [0x0000000780000000, 0x0000000800000000)
  region size 1024K, 0 young (0K), 0 survivors (0K)
 Metaspace       used 70988K, committed 71872K, reserved 1114112K
  class space    used 9993K, committed 10368K, reserved 1048576K
}
Event: 4406.229 GC heap before
{Heap before GC invocations=23 (full 3):
 garbage-first heap   total 73728K, used 58940K [0x0000000780000000, 0x0000000800000000)
  region size 1024K, 35 young (35840K), 0 survivors (0K)
 Metaspace       used 71118K, committed 71872K, reserved 1114112K
  class space    used 10024K, committed 10368K, reserved 1048576K
}
Event: 4406.233 GC heap after
{Heap after GC invocations=24 (full 3):
 garbage-first heap   total 73728K, used 28457K [0x0000000780000000, 0x0000000800000000)
  region size 1024K, 5 young (5120K), 5 survivors (5120K)
 Metaspace       used 71118K, committed 71872K, reserved 1114112K
  class space    used 10024K, committed 10368K, reserved 1048576K
}
Event: 4408.079 GC heap before
{Heap before GC invocations=25 (full 3):
 garbage-first heap   total 73728K, used 58153K [0x0000000780000000, 0x0000000800000000)
  region size 1024K, 35 young (35840K), 5 survivors (5120K)
 Metaspace       used 71388K, committed 72192K, reserved 1114112K
  class space    used 10054K, committed 10432K, reserved 1048576K
}
Event: 4408.094 GC heap after
{Heap after GC invocations=26 (full 3):
 garbage-first heap   total 73728K, used 33157K [0x0000000780000000, 0x0000000800000000)
  region size 1024K, 5 young (5120K), 5 survivors (5120K)
 Metaspace       used 71388K, committed 72192K, reserved 1114112K
  class space    used 10054K, committed 10432K, reserved 1048576K
}
Event: 4573.577 GC heap before
{Heap before GC invocations=26 (full 3):
 garbage-first heap   total 73728K, used 38277K [0x0000000780000000, 0x0000000800000000)
  region size 1024K, 11 young (11264K), 5 survivors (5120K)
 Metaspace       used 71391K, committed 72192K, reserved 1114112K
  class space    used 10055K, committed 10432K, reserved 1048576K
}
Event: 4573.642 GC heap after
{Heap after GC invocations=27 (full 4):
 garbage-first heap   total 73728K, used 27310K [0x0000000780000000, 0x0000000800000000)
  region size 1024K, 0 young (0K), 0 survivors (0K)
 Metaspace       used 71337K, committed 72192K, reserved 1114112K
  class space    used 10042K, committed 10432K, reserved 1048576K
}
Event: 4573.808 GC heap before
{Heap before GC invocations=27 (full 4):
 garbage-first heap   total 73728K, used 57006K [0x0000000780000000, 0x0000000800000000)
  region size 1024K, 30 young (30720K), 0 survivors (0K)
 Metaspace       used 71379K, committed 72192K, reserved 1114112K
  class space    used 10049K, committed 10432K, reserved 1048576K
}
Event: 4573.810 GC heap after
{Heap after GC invocations=28 (full 4):
 garbage-first heap   total 73728K, used 30673K [0x0000000780000000, 0x0000000800000000)
  region size 1024K, 4 young (4096K), 4 survivors (4096K)
 Metaspace       used 71379K, committed 72192K, reserved 1114112K
  class space    used 10049K, committed 10432K, reserved 1048576K
}
Event: 4573.952 GC heap before
{Heap before GC invocations=29 (full 4):
 garbage-first heap   total 73728K, used 58321K [0x0000000780000000, 0x0000000800000000)
  region size 1024K, 32 young (32768K), 4 survivors (4096K)
 Metaspace       used 71527K, committed 72320K, reserved 1114112K
  class space    used 10048K, committed 10432K, reserved 1048576K
}
Event: 4573.957 GC heap after
{Heap after GC invocations=30 (full 4):
 garbage-first heap   total 73728K, used 34062K [0x0000000780000000, 0x0000000800000000)
  region size 1024K, 4 young (4096K), 4 survivors (4096K)
 Metaspace       used 71527K, committed 72320K, reserved 1114112K
  class space    used 10048K, committed 10432K, reserved 1048576K
}
Event: 4587.540 GC heap before
{Heap before GC invocations=30 (full 4):
 garbage-first heap   total 73728K, used 40206K [0x0000000780000000, 0x0000000800000000)
  region size 1024K, 12 young (12288K), 4 survivors (4096K)
 Metaspace       used 71539K, committed 72320K, reserved 1114112K
  class space    used 10050K, committed 10432K, reserved 1048576K
}
Event: 4587.590 GC heap after
{Heap after GC invocations=31 (full 5):
 garbage-first heap   total 73728K, used 27485K [0x0000000780000000, 0x0000000800000000)
  region size 1024K, 0 young (0K), 0 survivors (0K)
 Metaspace       used 71536K, committed 72320K, reserved 1114112K
  class space    used 10050K, committed 10432K, reserved 1048576K
}
Event: 4587.712 GC heap before
{Heap before GC invocations=31 (full 5):
 garbage-first heap   total 73728K, used 58205K [0x0000000780000000, 0x0000000800000000)
  region size 1024K, 31 young (31744K), 0 survivors (0K)
 Metaspace       used 71590K, committed 72384K, reserved 1114112K
  class space    used 10063K, committed 10432K, reserved 1048576K
}
Event: 4587.715 GC heap after
{Heap after GC invocations=32 (full 5):
 garbage-first heap   total 73728K, used 30625K [0x0000000780000000, 0x0000000800000000)
  region size 1024K, 4 young (4096K), 4 survivors (4096K)
 Metaspace       used 71590K, committed 72384K, reserved 1114112K
  class space    used 10063K, committed 10432K, reserved 1048576K
}
Event: 4590.281 GC heap before
{Heap before GC invocations=33 (full 5):
 garbage-first heap   total 73728K, used 59297K [0x0000000780000000, 0x0000000800000000)
  region size 1024K, 32 young (32768K), 4 survivors (4096K)
 Metaspace       used 71887K, committed 72704K, reserved 1114112K
  class space    used 10115K, committed 10496K, reserved 1048576K
}
Event: 4590.287 GC heap after
{Heap after GC invocations=34 (full 5):
 garbage-first heap   total 73728K, used 30505K [0x0000000780000000, 0x0000000800000000)
  region size 1024K, 3 young (3072K), 3 survivors (3072K)
 Metaspace       used 71887K, committed 72704K, reserved 1114112K
  class space    used 10115K, committed 10496K, reserved 1048576K
}
Event: 4590.428 GC heap before
{Heap before GC invocations=34 (full 5):
 garbage-first heap   total 73728K, used 59177K [0x0000000780000000, 0x0000000800000000)
  region size 1024K, 32 young (32768K), 3 survivors (3072K)
 Metaspace       used 72137K, committed 72896K, reserved 1114112K
  class space    used 10138K, committed 10496K, reserved 1048576K
}
Event: 4590.431 GC heap after
{Heap after GC invocations=35 (full 5):
 garbage-first heap   total 73728K, used 33092K [0x0000000780000000, 0x0000000800000000)
  region size 1024K, 4 young (4096K), 4 survivors (4096K)
 Metaspace       used 72137K, committed 72896K, reserved 1114112K
  class space    used 10138K, committed 10496K, reserved 1048576K
}

