# JRE version: OpenJDK Runtime Environment Zulu17.60+17-CA (17.0.16+8) (build 17.0.16+8-LTS)
# Java VM: OpenJDK 64-Bit Server VM Zulu17.60+17-CA (17.0.16+8-LTS, mixed mode, sharing, tiered, compressed oops, compressed class ptrs, g1 gc, bsd-aarch64)
Heap:
 garbage-first heap   total 153600K, used 52976K [0x0000000780000000, 0x0000000800000000)
  region size 1024K, 10 young (10240K), 1 survivors (1024K)
 Metaspace       used 74878K, committed 75840K, reserved 1179648K
  class space    used 9550K, committed 9984K, reserved 1048576K
GC Heap History (20 events):
Event: 6449.918 GC heap before
{Heap before GC invocations=48 (full 15):
 garbage-first heap   total 81920K, used 60122K [0x0000000780000000, 0x0000000800000000)
  region size 1024K, 34 young (34816K), 3 survivors (3072K)
 Metaspace       used 71011K, committed 71744K, reserved 1114112K
  class space    used 9169K, committed 9472K, reserved 1048576K
}
Event: 6449.935 GC heap after
{Heap after GC invocations=49 (full 15):
 garbage-first heap   total 81920K, used 30662K [0x0000000780000000, 0x0000000800000000)
  region size 1024K, 3 young (3072K), 3 survivors (3072K)
 Metaspace       used 71011K, committed 71744K, reserved 1114112K
  class space    used 9169K, committed 9472K, reserved 1048576K
}
Event: 6450.060 GC heap before
{Heap before GC invocations=49 (full 15):
 garbage-first heap   total 81920K, used 58310K [0x0000000780000000, 0x0000000800000000)
  region size 1024K, 31 young (31744K), 3 survivors (3072K)
 Metaspace       used 71302K, committed 72000K, reserved 1114112K
  class space    used 9184K, committed 9472K, reserved 1048576K
}
Event: 6450.070 GC heap after
{Heap after GC invocations=50 (full 15):
 garbage-first heap   total 81920K, used 33537K [0x0000000780000000, 0x0000000800000000)
  region size 1024K, 4 young (4096K), 4 survivors (4096K)
 Metaspace       used 71302K, committed 72000K, reserved 1114112K
  class space    used 9184K, committed 9472K, reserved 1048576K
}
Event: 6525.316 GC heap before
{Heap before GC invocations=50 (full 15):
 garbage-first heap   total 81920K, used 60161K [0x0000000780000000, 0x0000000800000000)
  region size 1024K, 30 young (30720K), 4 survivors (4096K)
 Metaspace       used 71367K, committed 72064K, reserved 1114112K
  class space    used 9193K, committed 9472K, reserved 1048576K
}
Event: 6525.326 GC heap after
{Heap after GC invocations=51 (full 15):
 garbage-first heap   total 81920K, used 34679K [0x0000000780000000, 0x0000000800000000)
  region size 1024K, 3 young (3072K), 3 survivors (3072K)
 Metaspace       used 71367K, committed 72064K, reserved 1114112K
  class space    used 9193K, committed 9472K, reserved 1048576K
}
Event: 6525.432 GC heap before
{Heap before GC invocations=51 (full 15):
 garbage-first heap   total 81920K, used 59255K [0x0000000780000000, 0x0000000800000000)
  region size 1024K, 28 young (28672K), 3 survivors (3072K)
 Metaspace       used 71472K, committed 72192K, reserved 1114112K
  class space    used 9199K, committed 9536K, reserved 1048576K
}
Event: 6525.437 GC heap after
{Heap after GC invocations=52 (full 15):
 garbage-first heap   total 81920K, used 37336K [0x0000000780000000, 0x0000000800000000)
  region size 1024K, 4 young (4096K), 4 survivors (4096K)
 Metaspace       used 71472K, committed 72192K, reserved 1114112K
  class space    used 9199K, committed 9536K, reserved 1048576K
}
Event: 6698.464 GC heap before
{Heap before GC invocations=52 (full 15):
 garbage-first heap   total 81920K, used 59864K [0x0000000780000000, 0x0000000800000000)
  region size 1024K, 26 young (26624K), 4 survivors (4096K)
 Metaspace       used 71663K, committed 72384K, reserved 1114112K
  class space    used 9209K, committed 9536K, reserved 1048576K
}
Event: 6698.474 GC heap after
{Heap after GC invocations=53 (full 15):
 garbage-first heap   total 81920K, used 37944K [0x0000000780000000, 0x0000000800000000)
  region size 1024K, 3 young (3072K), 3 survivors (3072K)
 Metaspace       used 71663K, committed 72384K, reserved 1114112K
  class space    used 9209K, committed 9536K, reserved 1048576K
}
Event: 6698.573 GC heap before
{Heap before GC invocations=54 (full 15):
 garbage-first heap   total 83968K, used 58424K [0x0000000780000000, 0x0000000800000000)
  region size 1024K, 25 young (25600K), 3 survivors (3072K)
 Metaspace       used 71728K, committed 72512K, reserved 1114112K
  class space    used 9210K, committed 9536K, reserved 1048576K
}
Event: 6698.578 GC heap after
{Heap after GC invocations=55 (full 15):
 garbage-first heap   total 83968K, used 39065K [0x0000000780000000, 0x0000000800000000)
  region size 1024K, 4 young (4096K), 4 survivors (4096K)
 Metaspace       used 71728K, committed 72512K, reserved 1114112K
  class space    used 9210K, committed 9536K, reserved 1048576K
}
Event: 6698.582 GC heap before
{Heap before GC invocations=55 (full 15):
 garbage-first heap   total 83968K, used 39065K [0x0000000780000000, 0x0000000800000000)
  region size 1024K, 5 young (5120K), 4 survivors (4096K)
 Metaspace       used 71729K, committed 72512K, reserved 1114112K
  class space    used 9210K, committed 9536K, reserved 1048576K
}
Event: 6698.588 GC heap after
{Heap after GC invocations=56 (full 15):
 garbage-first heap   total 83968K, used 36682K [0x0000000780000000, 0x0000000800000000)
  region size 1024K, 1 young (1024K), 1 survivors (1024K)
 Metaspace       used 71729K, committed 72512K, reserved 1114112K
  class space    used 9210K, committed 9536K, reserved 1048576K
}
Event: 6706.216 GC heap before
{Heap before GC invocations=56 (full 15):
 garbage-first heap   total 83968K, used 63306K [0x0000000780000000, 0x0000000800000000)
  region size 1024K, 27 young (27648K), 1 survivors (1024K)
 Metaspace       used 72176K, committed 72960K, reserved 1114112K
  class space    used 9256K, committed 9600K, reserved 1048576K
}
Event: 6706.219 GC heap after
{Heap after GC invocations=57 (full 15):
 garbage-first heap   total 212992K, used 38479K [0x0000000780000000, 0x0000000800000000)
  region size 1024K, 3 young (3072K), 3 survivors (3072K)
 Metaspace       used 72176K, committed 72960K, reserved 1114112K
  class space    used 9256K, committed 9600K, reserved 1048576K
}
Event: 6725.204 GC heap before
{Heap before GC invocations=58 (full 15):
 garbage-first heap   total 153600K, used 126543K [0x0000000780000000, 0x0000000800000000)
  region size 1024K, 90 young (92160K), 3 survivors (3072K)
 Metaspace       used 73584K, committed 74496K, reserved 1114112K
  class space    used 9400K, committed 9792K, reserved 1048576K
}
Event: 6725.214 GC heap after
{Heap after GC invocations=59 (full 15):
 garbage-first heap   total 153600K, used 43805K [0x0000000780000000, 0x0000000800000000)
  region size 1024K, 8 young (8192K), 8 survivors (8192K)
 Metaspace       used 73584K, committed 74496K, reserved 1114112K
  class space    used 9400K, committed 9792K, reserved 1048576K
}
Event: 6725.226 GC heap before
{Heap before GC invocations=59 (full 15):
 garbage-first heap   total 153600K, used 44829K [0x0000000780000000, 0x0000000800000000)
  region size 1024K, 9 young (9216K), 8 survivors (8192K)
 Metaspace       used 73942K, committed 74880K, reserved 1114112K
  class space    used 9423K, committed 9856K, reserved 1048576K
}
Event: 6725.234 GC heap after
{Heap after GC invocations=60 (full 15):
 garbage-first heap   total 153600K, used 44025K [0x0000000780000000, 0x0000000800000000)
  region size 1024K, 1 young (1024K), 1 survivors (1024K)
 Metaspace       used 73942K, committed 74880K, reserved 1114112K
  class space    used 9423K, committed 9856K, reserved 1048576K
}

